0 info it worked if it ends with ok
1 verbose cli [ 'C:\\Program Files\\nodejs\\node.exe',
1 verbose cli   'C:\\Program Files\\nodejs\\node_modules\\npm\\bin\\npm-cli.js',
1 verbose cli   'start' ]
2 info using npm@3.3.12
3 info using node@v5.5.0
4 verbose run-script [ 'prestart', 'start', 'poststart' ]
5 info lifecycle intro_website@1.0.0~prestart: intro_website@1.0.0
6 silly lifecycle intro_website@1.0.0~prestart: no script for prestart, continuing
7 info lifecycle intro_website@1.0.0~start: intro_website@1.0.0
8 verbose lifecycle intro_website@1.0.0~start: unsafe-perm in lifecycle true
9 verbose lifecycle intro_website@1.0.0~start: PATH: C:\Program Files\nodejs\node_modules\npm\bin\node-gyp-bin;C:\projects\intro_website\node_modules\.bin;C:\Users\Dell\bin;C:\Program Files\Git\mingw64\bin;C:\Program Files\Git\usr\local\bin;C:\Program Files\Git\usr\bin;C:\Program Files\Git\usr\bin;C:\Program Files\Git\mingw64\bin;C:\Program Files\Git\usr\bin;C:\Users\Dell\bin;C:\ProgramData\Oracle\Java\javapath;C:\Program Files (x86)\AMD APP\bin\x86_64;C:\Program Files (x86)\AMD APP\bin\x86;C:\PROGRAM FILES\DELL\DW WLAN CARD;C:\PROGRAM FILES (X86)\INTEL\ICLS CLIENT;C:\PROGRAM FILES\INTEL\ICLS CLIENT;C:\Windows\SYSTEM32;C:\Windows;C:\Windows\SYSTEM32\WBEM;C:\Windows\SYSTEM32\WINDOWSPOWERSHELL\V1.0;C:\PROGRAM FILES\INTEL\INTEL(R) MANAGEMENT ENGINE COMPONENTS\DAL;C:\PROGRAM FILES\INTEL\INTEL(R) MANAGEMENT ENGINE COMPONENTS\IPT;C:\PROGRAM FILES (X86)\INTEL\INTEL(R) MANAGEMENT ENGINE COMPONENTS\DAL;C:\PROGRAM FILES (X86)\INTEL\INTEL(R) MANAGEMENT ENGINE COMPONENTS\IPT;C:\PROGRAM FILES (X86)\ATI TECHNOLOGIES\ATI.ACE\CORE-STATIC;C:\PROGRAM FILES (X86)\COMMON FILES\ADOBE\AGL;C:\Program Files (x86)\Intel\OpenCL SDK\3.0\bin\x86;C:\Program Files (x86)\Intel\OpenCL SDK\3.0\bin\x64;C:\Users\Dell\Desktop\MinGW\bin;C:\Program Files (x86)\MiKTeX 2.9\miktex\bin;C:\Program Files (x86)\Skype\Phone;C:\xampp\php;C:\ProgramData\ComposerSetup\bin;C:\Program Files\nodejs;C:\Program Files\Git\cmd;C:\Program Files\Git\mingw64\bin;C:\Program Files\Git\usr\bin;C:\Program Files\Java\jdk1.7.0_03\bin;C:\Program Files (x86)\Google\google_appengine;C:\Users\Dell\AppData\Roaming\npm;C:\Program Files\Git\usr\bin\vendor_perl;C:\Program Files\Git\usr\bin\core_perl
10 verbose lifecycle intro_website@1.0.0~start: CWD: C:\projects\intro_website
11 silly lifecycle intro_website@1.0.0~start: Args: [ '/d /s /c', 'node ./bin/www' ]
12 silly lifecycle intro_website@1.0.0~start: Returned: code: 1  signal: null
13 info lifecycle intro_website@1.0.0~start: Failed to exec start script
14 verbose stack Error: intro_website@1.0.0 start: `node ./bin/www`
14 verbose stack Exit status 1
14 verbose stack     at EventEmitter.<anonymous> (C:\Program Files\nodejs\node_modules\npm\lib\utils\lifecycle.js:232:16)
14 verbose stack     at emitTwo (events.js:100:13)
14 verbose stack     at EventEmitter.emit (events.js:185:7)
14 verbose stack     at ChildProcess.<anonymous> (C:\Program Files\nodejs\node_modules\npm\lib\utils\spawn.js:24:14)
14 verbose stack     at emitTwo (events.js:100:13)
14 verbose stack     at ChildProcess.emit (events.js:185:7)
14 verbose stack     at maybeClose (internal/child_process.js:821:16)
14 verbose stack     at Process.ChildProcess._handle.onexit (internal/child_process.js:211:5)
15 verbose pkgid intro_website@1.0.0
16 verbose cwd C:\projects\intro_website
17 error Windows_NT 6.1.7601
18 error argv "C:\\Program Files\\nodejs\\node.exe" "C:\\Program Files\\nodejs\\node_modules\\npm\\bin\\npm-cli.js" "start"
19 error node v5.5.0
20 error npm  v3.3.12
21 error code ELIFECYCLE
22 error intro_website@1.0.0 start: `node ./bin/www`
22 error Exit status 1
23 error Failed at the intro_website@1.0.0 start script 'node ./bin/www'.
23 error Make sure you have the latest version of node.js and npm installed.
23 error If you do, this is most likely a problem with the intro_website package,
23 error not with npm itself.
23 error Tell the author that this fails on your system:
23 error     node ./bin/www
23 error You can get their info via:
23 error     npm owner ls intro_website
23 error There is likely additional logging output above.
24 verbose exit [ 1, true ]
